mode: set
main/router/router.go:10.38,22.43 3 1
main/router/router.go:26.2,26.53 1 1
main/router/router.go:30.2,30.42 1 1
main/router/router.go:34.2,34.46 1 1
main/router/router.go:38.2,38.45 1 1
main/router/router.go:42.2,42.48 1 1
main/router/router.go:46.2,46.52 1 1
main/router/router.go:50.2,50.46 1 1
main/router/router.go:54.2,54.45 1 1
main/router/router.go:58.2,58.49 1 1
main/router/router.go:62.2,62.55 1 1
main/router/router.go:66.2,66.10 1 1
main/router/router.go:22.43,24.3 1 1
main/router/router.go:26.53,28.3 1 1
main/router/router.go:30.42,32.3 1 1
main/router/router.go:34.46,36.3 1 1
main/router/router.go:38.45,40.3 1 1
main/router/router.go:42.48,44.3 1 0
main/router/router.go:46.52,48.3 1 1
main/router/router.go:50.46,52.3 1 1
main/router/router.go:54.45,56.3 1 1
main/router/router.go:58.49,60.3 1 1
main/router/router.go:62.55,64.3 1 1
