mode: set
main/router/router.go:10.38,22.44 3 1
main/router/router.go:26.2,26.69 1 1
main/router/router.go:30.2,30.43 1 1
main/router/router.go:34.2,34.47 1 1
main/router/router.go:38.2,38.56 1 1
main/router/router.go:42.2,42.47 1 1
main/router/router.go:46.2,46.46 1 1
main/router/router.go:50.2,50.50 1 1
main/router/router.go:54.2,54.59 1 1
main/router/router.go:58.2,58.71 1 1
main/router/router.go:62.2,62.10 1 1
main/router/router.go:22.44,24.3 1 1
main/router/router.go:26.69,28.3 1 1
main/router/router.go:30.43,32.3 1 1
main/router/router.go:34.47,36.3 1 1
main/router/router.go:38.56,40.3 1 0
main/router/router.go:42.47,44.3 1 1
main/router/router.go:46.46,48.3 1 1
main/router/router.go:50.50,52.3 1 1
main/router/router.go:54.59,56.3 1 1
main/router/router.go:58.71,60.3 1 1
